# JRE version: Java(TM) SE Runtime Environment (18.0.2.1+1) (build 18.0.2.1+1-1)
# Java VM: Java HotSpot(TM) 64-Bit Server VM (18.0.2.1+1-1, mixed mode, sharing, tiered, compressed oops, compressed class ptrs, g1 gc, windows-amd64)
GC Precious Log:
 CardTable entry size: 512
 Card Set container configuration: InlinePtr #cards 5 size 8 Array Of Cards #cards 12 size 40 Howl #buckets 4 coarsen threshold 1843 Howl Bitmap #cards 512 size 80 coarsen threshold 460 Card regions per heap region 1 cards per card region 2048
 CPUs: 4 total, 4 available
 Memory: 4007M
 Large Page Support: Disabled
 NUMA Support: Disabled
 Compressed Oops: Enabled (32-bit)
 Heap Region Size: 1M
 Heap Min Capacity: 8M
 Heap Initial Capacity: 64M
 Heap Max Capacity: 1002M
 Pre-touch: Disabled
 Parallel Workers: 4
 Concurrent Workers: 1
 Concurrent Refinement Workers: 4
 Periodic GC: Disabled
Heap:
 garbage-first heap   total 58368K, used 18368K [0x00000000c1600000, 0x0000000100000000)
  region size 1024K, 6 young (6144K), 5 survivors (5120K)
 Metaspace       used 26833K, committed 27200K, reserved 1114112K
  class space    used 3346K, committed 3520K, reserved 1048576K
GC Heap History (14 events):
Event: 2.656 GC heap before
{Heap before GC invocations=0 (full 0):
 garbage-first heap   total 65536K, used 14336K [0x00000000c1600000, 0x0000000100000000)
  region size 1024K, 13 young (13312K), 0 survivors (0K)
 Metaspace       used 2346K, committed 2496K, reserved 1114112K
  class space    used 201K, committed 256K, reserved 1048576K
}
Event: 2.756 GC heap after
{Heap after GC invocations=1 (full 0):
 garbage-first heap   total 65536K, used 7876K [0x00000000c1600000, 0x0000000100000000)
  region size 1024K, 2 young (2048K), 2 survivors (2048K)
 Metaspace       used 2346K, committed 2496K, reserved 1114112K
  class space    used 201K, committed 256K, reserved 1048576K
}
Event: 3.916 GC heap before
{Heap before GC invocations=1 (full 0):
 garbage-first heap   total 65536K, used 15044K [0x00000000c1600000, 0x0000000100000000)
  region size 1024K, 9 young (9216K), 2 survivors (2048K)
 Metaspace       used 4456K, committed 4672K, reserved 1114112K
  class space    used 470K, committed 576K, reserved 1048576K
}
Event: 3.923 GC heap after
{Heap after GC invocations=2 (full 0):
 garbage-first heap   total 65536K, used 8606K [0x00000000c1600000, 0x0000000100000000)
  region size 1024K, 1 young (1024K), 1 survivors (1024K)
 Metaspace       used 4456K, committed 4672K, reserved 1114112K
  class space    used 470K, committed 576K, reserved 1048576K
}
Event: 6.654 GC heap before
{Heap before GC invocations=2 (full 0):
 garbage-first heap   total 65536K, used 28062K [0x00000000c1600000, 0x0000000100000000)
  region size 1024K, 20 young (20480K), 1 survivors (1024K)
 Metaspace       used 10186K, committed 10432K, reserved 1114112K
  class space    used 1230K, committed 1344K, reserved 1048576K
}
Event: 6.663 GC heap after
{Heap after GC invocations=3 (full 0):
 garbage-first heap   total 65536K, used 10583K [0x00000000c1600000, 0x0000000100000000)
  region size 1024K, 3 young (3072K), 3 survivors (3072K)
 Metaspace       used 10186K, committed 10432K, reserved 1114112K
  class space    used 1230K, committed 1344K, reserved 1048576K
}
Event: 9.642 GC heap before
{Heap before GC invocations=3 (full 0):
 garbage-first heap   total 65536K, used 37207K [0x00000000c1600000, 0x0000000100000000)
  region size 1024K, 30 young (30720K), 3 survivors (3072K)
 Metaspace       used 16731K, committed 16960K, reserved 1114112K
  class space    used 1974K, committed 2048K, reserved 1048576K
}
Event: 9.663 GC heap after
{Heap after GC invocations=4 (full 0):
 garbage-first heap   total 65536K, used 12282K [0x00000000c1600000, 0x0000000100000000)
  region size 1024K, 2 young (2048K), 2 survivors (2048K)
 Metaspace       used 16731K, committed 16960K, reserved 1114112K
  class space    used 1974K, committed 2048K, reserved 1048576K
}
Event: 12.682 GC heap before
{Heap before GC invocations=4 (full 0):
 garbage-first heap   total 65536K, used 41978K [0x00000000c1600000, 0x0000000100000000)
  region size 1024K, 32 young (32768K), 2 survivors (2048K)
 Metaspace       used 18415K, committed 18688K, reserved 1114112K
  class space    used 2138K, committed 2240K, reserved 1048576K
}
Event: 12.700 GC heap after
{Heap after GC invocations=5 (full 0):
 garbage-first heap   total 65536K, used 14359K [0x00000000c1600000, 0x0000000100000000)
  region size 1024K, 4 young (4096K), 4 survivors (4096K)
 Metaspace       used 18415K, committed 18688K, reserved 1114112K
  class space    used 2138K, committed 2240K, reserved 1048576K
}
Event: 15.530 GC heap before
{Heap before GC invocations=5 (full 0):
 garbage-first heap   total 65536K, used 36887K [0x00000000c1600000, 0x0000000100000000)
  region size 1024K, 28 young (28672K), 4 survivors (4096K)
 Metaspace       used 21285K, committed 21504K, reserved 1114112K
  class space    used 2504K, committed 2624K, reserved 1048576K
}
Event: 15.547 GC heap after
{Heap after GC invocations=6 (full 0):
 garbage-first heap   total 65536K, used 15436K [0x00000000c1600000, 0x0000000100000000)
  region size 1024K, 4 young (4096K), 4 survivors (4096K)
 Metaspace       used 21285K, committed 21504K, reserved 1114112K
  class space    used 2504K, committed 2624K, reserved 1048576K
}
Event: 21.915 GC heap before
{Heap before GC invocations=7 (full 0):
 garbage-first heap   total 58368K, used 46156K [0x00000000c1600000, 0x0000000100000000)
  region size 1024K, 34 young (34816K), 4 survivors (4096K)
 Metaspace       used 26748K, committed 27136K, reserved 1114112K
  class space    used 3333K, committed 3520K, reserved 1048576K
}
Event: 21.946 GC heap after
{Heap after GC invocations=8 (full 0):
 garbage-first heap   total 58368K, used 18368K [0x00000000c1600000, 0x0000000100000000)
  region size 1024K, 5 young (5120K), 5 survivors (5120K)
 Metaspace       used 26748K, committed 27136K, reserved 1114112K
  class space    used 3333K, committed 3520K, reserved 1048576K
}

